GoProHERO4Controller/app/build/outputs/logs/manifest-merger-debug-report.txt
-- Merging decision tree log ---
manifest
ADDED from AndroidManifest.xml:2:1
	xmlns:android
		ADDED from AndroidManifest.xml:2:11
	package
		ADDED from AndroidManifest.xml:3:5
		INJECTED from AndroidManifest.xml:0:0
		INJECTED from AndroidManifest.xml:0:0
	android:versionName
		ADDED from AndroidManifest.xml:5:5
	android:versionCode
		ADDED from AndroidManifest.xml:4:5
		INJECTED from AndroidManifest.xml:0:0
		INJECTED from AndroidManifest.xml:0:0
uses-sdk
ADDED from AndroidManifest.xml:7:5
MERGED from com.android.support:cardview-v7:21.0.3:15:5
MERGED from com.android.support:support-v4:22.0.0:20:5
	android:targetSdkVersion
		ADDED from AndroidManifest.xml:9:9
		INJECTED from AndroidManifest.xml:0:0
		INJECTED from AndroidManifest.xml:0:0
	android:minSdkVersion
		ADDED from AndroidManifest.xml:8:9
		INJECTED from AndroidManifest.xml:0:0
		INJECTED from AndroidManifest.xml:0:0
intent-filter#android.intent.action.MEDIA_BUTTON
ADDED from AndroidManifest.xml:11:5
	android:priority
		ADDED from AndroidManifest.xml:11:20
action#android.intent.action.MEDIA_BUTTON
ADDED from AndroidManifest.xml:12:9
	android:name
		ADDED from AndroidManifest.xml:12:17
uses-permission#android.permission.MODIFY_AUDIO_SETTINGS
ADDED from AndroidManifest.xml:15:5
	android:name
		ADDED from AndroidManifest.xml:15:22
uses-permission#android.permission.RECORD_AUDIO
ADDED from AndroidManifest.xml:16:5
	android:name
		ADDED from AndroidManifest.xml:16:22
uses-permission#android.permission.WRITE_EXTERNAL_STORAGE
ADDED from AndroidManifest.xml:17:5
	android:name
		ADDED from AndroidManifest.xml:17:22
uses-permission#android.permission.INTERNET
ADDED from AndroidManifest.xml:18:5
	android:name
		ADDED from AndroidManifest.xml:18:22
uses-permission#android.permission.ACCESS_NETWORK_STATE
ADDED from AndroidManifest.xml:19:5
	android:name
		ADDED from AndroidManifest.xml:19:22
uses-permission#android.permission.VIBRATE
ADDED from AndroidManifest.xml:20:5
	android:name
		ADDED from AndroidManifest.xml:20:22
uses-permission#android.permission.READ_PHONE_STATE
ADDED from AndroidManifest.xml:21:5
	android:name
		ADDED from AndroidManifest.xml:21:22
permission#android.permission.MEDIA_CONTENT_CONTROL
ADDED from AndroidManifest.xml:23:5
	android:name
		ADDED from AndroidManifest.xml:23:17
permission#android.permission.FLASHLIGHT
ADDED from AndroidManifest.xml:24:5
	android:protectionLevel
		ADDED from AndroidManifest.xml:27:9
	android:permissionGroup
		ADDED from AndroidManifest.xml:26:9
	android:name
		ADDED from AndroidManifest.xml:25:9
uses-permission#android.permission.ACCESS_WIFI_STATE
ADDED from AndroidManifest.xml:29:5
	android:name
		ADDED from AndroidManifest.xml:29:22
uses-permission#android.permission.ACCESS_COARSE_LOCATION
ADDED from AndroidManifest.xml:30:5
	android:name
		ADDED from AndroidManifest.xml:30:22
uses-permission#android.permission.ACCESS_FINE_LOCATION
ADDED from AndroidManifest.xml:31:5
	android:name
		ADDED from AndroidManifest.xml:31:22
uses-permission#android.permission.READ_EXTERNAL_STORAGE
ADDED from AndroidManifest.xml:32:5
	android:maxSdkVersion
		ADDED from AndroidManifest.xml:34:9
	android:name
		ADDED from AndroidManifest.xml:33:9
uses-permission#com.google.android.permission.PROVIDE_BACKGROUND
ADDED from AndroidManifest.xml:36:5
	android:name
		ADDED from AndroidManifest.xml:36:22
uses-permission#android.permission.WAKE_LOCK
ADDED from AndroidManifest.xml:37:5
	android:name
		ADDED from AndroidManifest.xml:37:22
uses-permission#android.permission.CAMERA
ADDED from AndroidManifest.xml:38:5
	android:name
		ADDED from AndroidManifest.xml:38:22
uses-feature#android.hardware.camera
ADDED from AndroidManifest.xml:40:5
	android:name
		ADDED from AndroidManifest.xml:40:19
uses-permission#android.permission.FLASHLIGHT
ADDED from AndroidManifest.xml:42:5
	android:name
		ADDED from AndroidManifest.xml:42:22
uses-feature#android.hardware.camera.flash
ADDED from AndroidManifest.xml:44:5
	android:name
		ADDED from AndroidManifest.xml:44:19
application
ADDED from AndroidManifest.xml:48:5
MERGED from com.android.support:cardview-v7:21.0.3:16:5
MERGED from com.android.support:support-v4:22.0.0:22:5
	android:label
		ADDED from AndroidManifest.xml:51:9
	android:allowBackup
		ADDED from AndroidManifest.xml:49:9
	android:icon
		ADDED from AndroidManifest.xml:50:9
	android:theme
		ADDED from AndroidManifest.xml:52:9
meta-data#com.google.android.gms.car.notification.SmallIcon
ADDED from AndroidManifest.xml:53:9
	android:resource
		ADDED from AndroidManifest.xml:55:13
	android:name
		ADDED from AndroidManifest.xml:54:13
meta-data#com.google.android.gms.car.application
ADDED from AndroidManifest.xml:56:9
	android:resource
		ADDED from AndroidManifest.xml:58:13
	android:name
		ADDED from AndroidManifest.xml:57:13
activity#com.chernowii.hero4.MainActivity
ADDED from AndroidManifest.xml:67:9
	android:label
		ADDED from AndroidManifest.xml:70:13
	android:icon
		ADDED from AndroidManifest.xml:69:13
	android:name
		ADDED from AndroidManifest.xml:68:13
intent-filter#android.intent.action.MAIN+android.intent.category.LAUNCHER
ADDED from AndroidManifest.xml:71:13
action#android.intent.action.MAIN
ADDED from AndroidManifest.xml:72:17
	android:name
		ADDED from AndroidManifest.xml:72:25
category#android.intent.category.LAUNCHER
ADDED from AndroidManifest.xml:74:17
	android:name
		ADDED from AndroidManifest.xml:74:27
activity#com.chernowii.hero4.WearControls
ADDED from AndroidManifest.xml:77:9
	android:theme
		ADDED from AndroidManifest.xml:82:13
	android:exported
		ADDED from AndroidManifest.xml:80:13
	android:allowEmbedded
		ADDED from AndroidManifest.xml:79:13
	android:taskAffinity
		ADDED from AndroidManifest.xml:81:13
	android:name
		ADDED from AndroidManifest.xml:78:13
receiver#com.chernowii.hero4.MyPostNotificationReceiver
ADDED from AndroidManifest.xml:85:9
	android:exported
		ADDED from AndroidManifest.xml:87:13
	android:name
		ADDED from AndroidManifest.xml:86:13
intent-filter#com.chernowii.hero4.SHOW_NOTIFICATION
ADDED from AndroidManifest.xml:88:13
action#com.chernowii.hero4.SHOW_NOTIFICATION
ADDED from AndroidManifest.xml:89:17
	android:name
		ADDED from AndroidManifest.xml:89:25
activity#com.chernowii.hero4.MyDisplayActivity
ADDED from AndroidManifest.xml:93:9
	android:theme
		ADDED from AndroidManifest.xml:98:13
	android:exported
		ADDED from AndroidManifest.xml:96:13
	android:allowEmbedded
		ADDED from AndroidManifest.xml:95:13
	android:taskAffinity
		ADDED from AndroidManifest.xml:97:13
	android:name
		ADDED from AndroidManifest.xml:94:13
receiver#com.chernowii.hero4.MyPostNotificationReceiver2
ADDED from AndroidManifest.xml:101:9
	android:exported
		ADDED from AndroidManifest.xml:103:13
	android:name
		ADDED from AndroidManifest.xml:102:13
activity#com.chernowii.hero4.ProtuneControls
ADDED from AndroidManifest.xml:109:9
	android:label
		ADDED from AndroidManifest.xml:111:13
	android:name
		ADDED from AndroidManifest.xml:110:13
activity#com.chernowii.hero4.LiveStuff
ADDED from AndroidManifest.xml:113:9
	android:label
		ADDED from AndroidManifest.xml:115:13
	android:name
		ADDED from AndroidManifest.xml:114:13
activity#com.chernowii.hero4.LiveStuffH4
ADDED from AndroidManifest.xml:117:9
	android:label
		ADDED from AndroidManifest.xml:119:13
	android:name
		ADDED from AndroidManifest.xml:118:13
activity#com.chernowii.hero4.WelcomeScreen
ADDED from AndroidManifest.xml:121:9
	android:label
		ADDED from AndroidManifest.xml:123:13
	android:name
		ADDED from AndroidManifest.xml:122:13
activity#com.chernowii.hero4.HDR
ADDED from AndroidManifest.xml:125:9
	android:label
		ADDED from AndroidManifest.xml:127:13
	android:name
		ADDED from AndroidManifest.xml:126:13
receiver#com.chernowii.hero4.GoProWidget
ADDED from AndroidManifest.xml:130:9
	android:name
		ADDED from AndroidManifest.xml:130:19
intent-filter#android.appwidget.action.APPWIDGET_UPDATE
ADDED from AndroidManifest.xml:131:13
action#android.appwidget.action.APPWIDGET_UPDATE
ADDED from AndroidManifest.xml:132:17
	android:name
		ADDED from AndroidManifest.xml:132:25
meta-data#android.appwidget.provider
ADDED from AndroidManifest.xml:135:13
	android:resource
		ADDED from AndroidManifest.xml:137:17
	android:name
		ADDED from AndroidManifest.xml:136:17
activity#com.chernowii.hero4.MediaBrowser
ADDED from AndroidManifest.xml:140:9
	android:label
		ADDED from AndroidManifest.xml:142:13
	android:name
		ADDED from AndroidManifest.xml:141:13
activity#com.chernowii.hero4.TriggerActivity
ADDED from AndroidManifest.xml:144:9
	android:label
		ADDED from AndroidManifest.xml:146:13
	android:name
		ADDED from AndroidManifest.xml:145:13
activity#com.chernowii.hero4.TagActivity
ADDED from AndroidManifest.xml:148:9
	android:label
		ADDED from AndroidManifest.xml:150:13
	android:name
		ADDED from AndroidManifest.xml:149:13
activity#com.chernowii.hero4.StopActivity
ADDED from AndroidManifest.xml:152:9
	android:label
		ADDED from AndroidManifest.xml:154:13
	android:name
		ADDED from AndroidManifest.xml:153:13
activity#com.chernowii.hero4.VideoActivity
ADDED from AndroidManifest.xml:156:9
	android:label
		ADDED from AndroidManifest.xml:158:13
	android:name
		ADDED from AndroidManifest.xml:157:13
activity#com.chernowii.hero4.PhotoActivity
ADDED from AndroidManifest.xml:160:9
	android:label
		ADDED from AndroidManifest.xml:162:13
	android:name
		ADDED from AndroidManifest.xml:161:13
activity#com.chernowii.hero4.MSActivity
ADDED from AndroidManifest.xml:164:9
	android:label
		ADDED from AndroidManifest.xml:166:13
	android:name
		ADDED from AndroidManifest.xml:165:13
activity#com.chernowii.hero4.Calculator
ADDED from AndroidManifest.xml:168:9
	android:label
		ADDED from AndroidManifest.xml:170:13
	android:name
		ADDED from AndroidManifest.xml:169:13
activity#com.chernowii.hero4.ProfileConfig
ADDED from AndroidManifest.xml:172:9
	android:label
		ADDED from AndroidManifest.xml:174:13
	android:name
		ADDED from AndroidManifest.xml:173:13
activity#com.chernowii.hero4.OldCamActivity
ADDED from AndroidManifest.xml:176:9
	android:label
		ADDED from AndroidManifest.xml:178:13
	android:name
		ADDED from AndroidManifest.xml:177:13
activity#com.chernowii.hero4.OCTrigger
ADDED from AndroidManifest.xml:180:9
	android:label
		ADDED from AndroidManifest.xml:182:13
	android:name
		ADDED from AndroidManifest.xml:181:13
activity#com.chernowii.hero4.OCTurnOff
ADDED from AndroidManifest.xml:184:9
	android:label
		ADDED from AndroidManifest.xml:186:13
	android:name
		ADDED from AndroidManifest.xml:185:13
activity#com.chernowii.hero4.OCTurnOn
ADDED from AndroidManifest.xml:188:9
	android:label
		ADDED from AndroidManifest.xml:190:13
	android:name
		ADDED from AndroidManifest.xml:189:13
activity#com.chernowii.hero4.OCStop
ADDED from AndroidManifest.xml:192:9
	android:label
		ADDED from AndroidManifest.xml:194:13
	android:name
		ADDED from AndroidManifest.xml:193:13
activity#com.chernowii.hero4.OCVideo
ADDED from AndroidManifest.xml:196:9
	android:label
		ADDED from AndroidManifest.xml:198:13
	android:name
		ADDED from AndroidManifest.xml:197:13
activity#com.chernowii.hero4.OCPhoto
ADDED from AndroidManifest.xml:200:9
	android:label
		ADDED from AndroidManifest.xml:202:13
	android:name
		ADDED from AndroidManifest.xml:201:13
activity#com.chernowii.hero4.OCBurst
ADDED from AndroidManifest.xml:204:9
	android:label
		ADDED from AndroidManifest.xml:206:13
	android:name
		ADDED from AndroidManifest.xml:205:13
activity#com.chernowii.hero4.OCTimelapse
ADDED from AndroidManifest.xml:208:9
	android:label
		ADDED from AndroidManifest.xml:210:13
	android:name
		ADDED from AndroidManifest.xml:209:13
activity#com.chernowii.hero4.OCProtuneControls
ADDED from AndroidManifest.xml:212:9
	android:label
		ADDED from AndroidManifest.xml:214:13
	android:name
		ADDED from AndroidManifest.xml:213:13